2019-10-08 09:44:33.756 [main] TRACE by.dorozhko.composite.controller.Main - work
2019-10-08 09:53:34.481 [main] TRACE by.dorozhko.composite.controller.Main - work
2019-10-08 09:53:54.289 [main] TRACE by.dorozhko.composite.controller.Main - work
2019-10-09 09:03:17.118 [main] TRACE by.dorozhko.composite.view.Client - waiting for user input.
2019-10-09 09:03:22.033 [main] TRACE by.dorozhko.composite.view.Client - User: read from file
2019-10-09 09:03:52.125 [main] DEBUG by.dorozhko.composite.controller.Controller - User request: CreateCompositeFromData, params : /data/text.txt
2019-10-09 09:03:52.126 [main] TRACE dorozhko.composite.controller.command.CommandProvider - CreateCompositeFromData
2019-10-09 09:03:52.129 [main] TRACE by.dorozhko.composite.controller.Controller - Have result (result length): 22symbols
2019-10-09 09:03:52.129 [main] TRACE by.dorozhko.composite.view.Client - waiting for user input.
2019-10-09 09:03:56.829 [main] TRACE by.dorozhko.composite.view.Client - User: read from file
2019-10-09 09:04:31.950 [main] DEBUG by.dorozhko.composite.controller.Controller - User request: CreateCompositeFromData, params : 0
2019-10-09 09:04:31.950 [main] TRACE dorozhko.composite.controller.command.CommandProvider - CreateCompositeFromData
2019-10-09 09:04:31.950 [main] TRACE by.dorozhko.composite.controller.Controller - Have result (result length): 22symbols
2019-10-09 09:04:31.951 [main] TRACE by.dorozhko.composite.view.Client - waiting for user input.
2019-10-09 09:04:33.300 [main] INFO  by.dorozhko.composite.view.Client - Exit from program by user.
2019-10-09 09:05:21.365 [main] TRACE by.dorozhko.composite.view.Client - waiting for user input.
2019-10-09 09:05:24.503 [main] TRACE by.dorozhko.composite.view.Client - User: read from file
2019-10-09 09:05:34.862 [main] DEBUG by.dorozhko.composite.controller.Controller - User request: CreateCompositeFromData, params : \data\text.txt
2019-10-09 09:05:34.862 [main] TRACE dorozhko.composite.controller.command.CommandProvider - CreateCompositeFromData
2019-10-09 09:05:34.867 [main] TRACE by.dorozhko.composite.controller.Controller - Have result (result length): 22symbols
2019-10-09 09:05:34.867 [main] TRACE by.dorozhko.composite.view.Client - waiting for user input.
2019-10-09 09:05:44.351 [main] INFO  by.dorozhko.composite.view.Client - Exit from program by user.
2019-10-09 09:06:44.634 [main] TRACE by.dorozhko.composite.view.Client - waiting for user input.
2019-10-09 09:06:46.284 [main] TRACE by.dorozhko.composite.view.Client - User: read from file
2019-10-09 09:07:00.011 [main] DEBUG by.dorozhko.composite.controller.Controller - User request: CreateCompositeFromData, params : /data/text.txt
2019-10-09 09:07:00.011 [main] TRACE dorozhko.composite.controller.command.CommandProvider - CreateCompositeFromData
2019-10-09 09:07:00.015 [main] DEBUG dorozhko.composite.services.impl.CompositeService - /data/text.txt
2019-10-09 09:07:00.016 [main] TRACE by.dorozhko.composite.controller.Controller - Have result (result length): 22symbols
2019-10-09 09:07:00.016 [main] TRACE by.dorozhko.composite.view.Client - waiting for user input.
2019-10-09 09:07:02.904 [main] INFO  by.dorozhko.composite.view.Client - Exit from program by user.
2019-10-09 09:07:37.499 [main] TRACE by.dorozhko.composite.view.Client - waiting for user input.
2019-10-09 09:07:39.638 [main] TRACE by.dorozhko.composite.view.Client - User: read from file
2019-10-09 09:07:56.420 [main] DEBUG by.dorozhko.composite.controller.Controller - User request: CreateCompositeFromData, params : \\data\\text.txt
2019-10-09 09:07:56.421 [main] TRACE dorozhko.composite.controller.command.CommandProvider - CreateCompositeFromData
2019-10-09 09:07:56.423 [main] DEBUG dorozhko.composite.services.impl.CompositeService - \\data\\text.txt
2019-10-09 09:07:59.710 [main] TRACE by.dorozhko.composite.controller.Controller - Have result (result length): 22symbols
2019-10-09 09:07:59.710 [main] TRACE by.dorozhko.composite.view.Client - waiting for user input.
2019-10-09 09:08:14.441 [main] INFO  by.dorozhko.composite.view.Client - Exit from program by user.
2019-10-09 09:09:16.991 [main] TRACE by.dorozhko.composite.view.Client - waiting for user input.
2019-10-09 09:09:19.203 [main] TRACE by.dorozhko.composite.view.Client - User: read from file
2019-10-09 09:09:29.520 [main] DEBUG by.dorozhko.composite.controller.Controller - User request: CreateCompositeFromData, params : data/text.txt
2019-10-09 09:09:29.520 [main] TRACE dorozhko.composite.controller.command.CommandProvider - CreateCompositeFromData
2019-10-09 09:09:29.523 [main] DEBUG dorozhko.composite.services.impl.CompositeService - data/text.txt
2019-10-09 09:09:29.850 [main] TRACE by.dorozhko.composite.controller.Controller - Have result (result length): 3251symbols
2019-10-09 09:09:29.850 [main] TRACE by.dorozhko.composite.view.Client - waiting for user input.
2019-10-09 09:09:36.241 [main] TRACE by.dorozhko.composite.view.Client - User: read from file
2019-10-09 09:09:44.302 [main] DEBUG by.dorozhko.composite.controller.Controller - User request: CreateCompositeFromData, params : data\text.txt
2019-10-09 09:09:44.302 [main] TRACE dorozhko.composite.controller.command.CommandProvider - CreateCompositeFromData
2019-10-09 09:09:44.302 [main] DEBUG dorozhko.composite.services.impl.CompositeService - data\text.txt
2019-10-09 09:09:44.312 [main] TRACE by.dorozhko.composite.controller.Controller - Have result (result length): 3251symbols
2019-10-09 09:09:44.312 [main] TRACE by.dorozhko.composite.view.Client - waiting for user input.
2019-10-09 09:10:08.503 [main] TRACE by.dorozhko.composite.view.Client - waiting for user input.
2019-10-09 09:10:14.312 [main] INFO  by.dorozhko.composite.view.Client - Exit from program by user.
2019-10-09 11:00:08.799 [main] TRACE by.dorozhko.composite.view.Client - waiting for user input.
2019-10-09 11:00:11.783 [main] TRACE by.dorozhko.composite.view.Client - User: read from file
2019-10-09 11:00:23.379 [main] DEBUG by.dorozhko.composite.controller.Controller - User request: CreateCompositeFromData, params : data/text2.txt
2019-10-09 11:00:23.379 [main] TRACE dorozhko.composite.controller.command.CommandProvider - CreateCompositeFromData
2019-10-09 11:00:23.394 [main] DEBUG dorozhko.composite.services.impl.CompositeService - data/text2.txt
2019-10-09 11:00:23.426 [main] TRACE by.dorozhko.composite.controller.Controller - Have result (result length): 74symbols
2019-10-09 11:00:23.426 [main] TRACE by.dorozhko.composite.view.Client - waiting for user input.
2019-10-09 11:00:36.736 [main] INFO  by.dorozhko.composite.view.Client - Exit from program by user.
2019-10-09 11:00:44.408 [main] TRACE by.dorozhko.composite.view.Client - waiting for user input.
2019-10-09 11:00:46.184 [main] TRACE by.dorozhko.composite.view.Client - User: read from file
2019-10-09 11:00:55.121 [main] DEBUG by.dorozhko.composite.controller.Controller - User request: CreateCompositeFromData, params : data/text2.txt
2019-10-09 11:00:55.121 [main] TRACE dorozhko.composite.controller.command.CommandProvider - CreateCompositeFromData
2019-10-09 11:00:55.121 [main] DEBUG dorozhko.composite.services.impl.CompositeService - data/text2.txt
2019-10-09 11:00:55.137 [main] TRACE by.dorozhko.composite.controller.Controller - Have result (result length): 74symbols
2019-10-09 11:00:55.137 [main] TRACE by.dorozhko.composite.view.Client - waiting for user input.
2019-10-09 11:01:56.035 [main] TRACE by.dorozhko.composite.view.Client - waiting for user input.
2019-10-09 11:01:57.628 [main] TRACE by.dorozhko.composite.view.Client - User: read from file
2019-10-09 11:02:10.502 [main] DEBUG by.dorozhko.composite.controller.Controller - User request: CreateCompositeFromData, params : data/text2.txt
2019-10-09 11:02:10.502 [main] TRACE dorozhko.composite.controller.command.CommandProvider - CreateCompositeFromData
2019-10-09 11:02:10.502 [main] DEBUG dorozhko.composite.services.impl.CompositeService - data/text2.txt
2019-10-09 11:02:10.518 [main] TRACE by.dorozhko.composite.controller.Controller - Have result (result length): 74symbols
2019-10-09 11:02:10.518 [main] TRACE by.dorozhko.composite.view.Client - waiting for user input.
2019-10-09 11:02:50.962 [main] INFO  by.dorozhko.composite.view.Client - Exit from program by user.
2019-10-09 11:13:59.065 [main] TRACE by.dorozhko.composite.view.Client - waiting for user input.
2019-10-09 11:14:00.955 [main] TRACE by.dorozhko.composite.view.Client - User: read from file
2019-10-09 11:14:13.579 [main] DEBUG by.dorozhko.composite.controller.Controller - User request: CreateCompositeFromData, params : data/text2.txt
2019-10-09 11:14:13.579 [main] TRACE dorozhko.composite.controller.command.CommandProvider - CreateCompositeFromData
2019-10-09 11:14:13.595 [main] DEBUG dorozhko.composite.services.impl.CompositeService - data/text2.txt
2019-10-09 11:14:13.689 [main] TRACE by.dorozhko.composite.controller.Controller - Have result (result length): 74symbols
2019-10-09 11:14:13.689 [main] TRACE by.dorozhko.composite.view.Client - waiting for user input.
2019-10-09 11:15:19.482 [main] INFO  by.dorozhko.composite.view.Client - Exit from program by user.
2019-10-09 11:17:12.065 [main] TRACE by.dorozhko.composite.view.Client - waiting for user input.
2019-10-09 11:17:14.081 [main] TRACE by.dorozhko.composite.view.Client - User: read from file
2019-10-09 11:17:25.064 [main] DEBUG by.dorozhko.composite.controller.Controller - User request: CreateCompositeFromData, params : data/text.txt
2019-10-09 11:17:25.064 [main] TRACE dorozhko.composite.controller.command.CommandProvider - CreateCompositeFromData
2019-10-09 11:17:25.064 [main] DEBUG dorozhko.composite.services.impl.CompositeService - data/text.txt
2019-10-09 11:17:25.080 [main] TRACE by.dorozhko.composite.controller.Controller - Have result (result length): 74symbols
2019-10-09 11:17:25.080 [main] TRACE by.dorozhko.composite.view.Client - waiting for user input.
2019-10-09 11:19:29.288 [main] INFO  by.dorozhko.composite.view.Client - Exit from program by user.
2019-10-09 11:19:36.913 [main] TRACE by.dorozhko.composite.view.Client - waiting for user input.
2019-10-09 11:19:38.959 [main] TRACE by.dorozhko.composite.view.Client - User: read from file
2019-10-09 11:19:51.866 [main] DEBUG by.dorozhko.composite.controller.Controller - User request: CreateCompositeFromData, params : data/text2.txt
2019-10-09 11:19:51.866 [main] TRACE dorozhko.composite.controller.command.CommandProvider - CreateCompositeFromData
2019-10-09 11:19:51.870 [main] DEBUG dorozhko.composite.services.impl.CompositeService - data/text2.txt
2019-10-09 11:19:51.886 [main] TRACE by.dorozhko.composite.controller.Controller - Have result (result length): 74symbols
2019-10-09 11:19:51.887 [main] TRACE by.dorozhko.composite.view.Client - waiting for user input.
2019-10-09 11:20:32.214 [main] TRACE by.dorozhko.composite.view.Client - waiting for user input.
2019-10-09 11:20:33.896 [main] TRACE by.dorozhko.composite.view.Client - User: read from file
2019-10-09 11:20:41.254 [main] DEBUG by.dorozhko.composite.controller.Controller - User request: CreateCompositeFromData, params : data/text2.txt
2019-10-09 11:20:41.254 [main] TRACE dorozhko.composite.controller.command.CommandProvider - CreateCompositeFromData
2019-10-09 11:20:41.258 [main] DEBUG dorozhko.composite.services.impl.CompositeService - data/text2.txt
2019-10-09 11:20:41.304 [main] TRACE by.dorozhko.composite.controller.Controller - Have result (result length): 74symbols
2019-10-09 11:20:41.304 [main] TRACE by.dorozhko.composite.view.Client - waiting for user input.
2019-10-09 11:20:52.517 [main] INFO  by.dorozhko.composite.view.Client - Exit from program by user.
2019-10-09 11:23:37.301 [main] TRACE by.dorozhko.composite.view.Client - waiting for user input.
2019-10-09 11:23:39.931 [main] TRACE by.dorozhko.composite.view.Client - User: read from file
2019-10-09 11:23:49.067 [main] DEBUG by.dorozhko.composite.controller.Controller - User request: CreateCompositeFromData, params : data\text2.txt
2019-10-09 11:23:49.068 [main] TRACE dorozhko.composite.controller.command.CommandProvider - CreateCompositeFromData
2019-10-09 11:23:49.071 [main] DEBUG dorozhko.composite.services.impl.CompositeService - data\text2.txt
2019-10-09 11:23:49.118 [main] TRACE by.dorozhko.composite.controller.Controller - Have result (result length): 74symbols
2019-10-09 11:23:49.119 [main] TRACE by.dorozhko.composite.view.Client - waiting for user input.
2019-10-09 11:24:23.168 [main] INFO  by.dorozhko.composite.view.Client - Exit from program by user.
2019-10-09 11:25:48.227 [main] TRACE by.dorozhko.composite.view.Client - waiting for user input.
2019-10-09 11:25:49.659 [main] TRACE by.dorozhko.composite.view.Client - User: read from file
2019-10-09 11:26:01.798 [main] DEBUG by.dorozhko.composite.controller.Controller - User request: CreateCompositeFromData, params : data/text2.txt
2019-10-09 11:26:01.798 [main] TRACE dorozhko.composite.controller.command.CommandProvider - CreateCompositeFromData
2019-10-09 11:26:01.802 [main] DEBUG dorozhko.composite.services.impl.CompositeService - data/text2.txt
2019-10-09 11:26:01.870 [main] TRACE by.dorozhko.composite.controller.Controller - Have result (result length): 74symbols
2019-10-09 11:26:01.870 [main] TRACE by.dorozhko.composite.view.Client - waiting for user input.
2019-10-09 11:26:34.015 [main] INFO  by.dorozhko.composite.view.Client - Exit from program by user.
2019-10-09 12:44:45.575 [main] TRACE by.dorozhko.composite.view.Client - waiting for user input.
2019-10-09 12:44:49.502 [main] TRACE by.dorozhko.composite.view.Client - User: read from file
2019-10-09 12:44:59.841 [main] DEBUG by.dorozhko.composite.controller.Controller - User request: CreateCompositeFromData, params : data/text2.txt
2019-10-09 12:44:59.841 [main] TRACE dorozhko.composite.controller.command.CommandProvider - CreateCompositeFromData
2019-10-09 12:44:59.845 [main] DEBUG dorozhko.composite.services.impl.CompositeService - data/text2.txt
2019-10-09 12:44:59.886 [main] TRACE by.dorozhko.composite.controller.Controller - Have result (result length): 21symbols
2019-10-09 12:44:59.886 [main] TRACE by.dorozhko.composite.view.Client - waiting for user input.
2019-10-09 12:49:28.921 [main] TRACE by.dorozhko.composite.view.Client - waiting for user input.
2019-10-09 12:49:34.444 [main] TRACE by.dorozhko.composite.view.Client - User: read from file
2019-10-09 12:49:43.252 [main] DEBUG by.dorozhko.composite.controller.Controller - User request: CreateCompositeFromData, params : data/text2.txt
2019-10-09 12:49:43.252 [main] TRACE dorozhko.composite.controller.command.CommandProvider - CreateCompositeFromData
2019-10-09 12:49:43.255 [main] DEBUG dorozhko.composite.services.impl.CompositeService - data/text2.txt
2019-10-09 12:49:43.279 [main] TRACE by.dorozhko.composite.controller.Controller - Have result (result length): 21symbols
2019-10-09 12:49:43.279 [main] TRACE by.dorozhko.composite.view.Client - waiting for user input.
2019-10-09 12:49:57.256 [main] INFO  by.dorozhko.composite.view.Client - Exit from program by user.
2019-10-09 12:50:06.996 [main] TRACE by.dorozhko.composite.view.Client - waiting for user input.
2019-10-09 12:50:11.244 [main] TRACE by.dorozhko.composite.view.Client - User: read from file
2019-10-09 12:50:30.079 [main] DEBUG by.dorozhko.composite.controller.Controller - User request: CreateCompositeFromData, params : data/text2.txt
2019-10-09 12:50:30.079 [main] TRACE dorozhko.composite.controller.command.CommandProvider - CreateCompositeFromData
2019-10-09 12:50:30.082 [main] DEBUG dorozhko.composite.services.impl.CompositeService - data/text2.txt
2019-10-09 12:50:30.106 [main] TRACE by.dorozhko.composite.controller.Controller - Have result (result length): 21symbols
2019-10-09 12:50:30.106 [main] TRACE by.dorozhko.composite.view.Client - waiting for user input.
2019-10-09 12:50:56.965 [main] INFO  by.dorozhko.composite.view.Client - Exit from program by user.
2019-10-09 12:55:22.468 [main] TRACE by.dorozhko.composite.view.Client - waiting for user input.
2019-10-09 12:55:24.343 [main] INFO  by.dorozhko.composite.view.Client - Exit from program by user.
2019-10-09 12:56:16.171 [main] TRACE by.dorozhko.composite.view.Client - waiting for user input.
2019-10-09 12:56:19.099 [main] TRACE by.dorozhko.composite.view.Client - User: read from file
2019-10-09 12:56:21.093 [main] DEBUG by.dorozhko.composite.controller.Controller - User request: CreateCompositeFromData, params : data/text2.txt
2019-10-09 12:56:21.093 [main] TRACE dorozhko.composite.controller.command.CommandProvider - CreateCompositeFromData
2019-10-09 12:56:21.096 [main] DEBUG dorozhko.composite.services.impl.CompositeService - data/text2.txt
2019-10-09 12:56:21.122 [main] TRACE by.dorozhko.composite.controller.Controller - Have result (result length): 21symbols
2019-10-09 12:56:21.122 [main] TRACE by.dorozhko.composite.view.Client - waiting for user input.
2019-10-09 12:57:15.842 [main] TRACE by.dorozhko.composite.view.Client - waiting for user input.
2019-10-09 12:57:19.138 [main] TRACE by.dorozhko.composite.view.Client - User: read from file
2019-10-09 12:57:20.827 [main] DEBUG by.dorozhko.composite.controller.Controller - User request: CreateCompositeFromData, params : data/text2.txt
2019-10-09 12:57:20.827 [main] TRACE dorozhko.composite.controller.command.CommandProvider - CreateCompositeFromData
2019-10-09 12:57:20.830 [main] DEBUG dorozhko.composite.services.impl.CompositeService - data/text2.txt
2019-10-09 12:57:20.856 [main] TRACE by.dorozhko.composite.controller.Controller - Have result (result length): 21symbols
2019-10-09 12:57:20.858 [main] TRACE by.dorozhko.composite.view.Client - waiting for user input.
2019-10-09 12:59:03.537 [main] TRACE by.dorozhko.composite.view.Client - waiting for user input.
2019-10-09 12:59:06.705 [main] TRACE by.dorozhko.composite.view.Client - User: read from file
2019-10-09 12:59:08.112 [main] DEBUG by.dorozhko.composite.controller.Controller - User request: CreateCompositeFromData, params : data/text2.txt
2019-10-09 12:59:08.113 [main] TRACE dorozhko.composite.controller.command.CommandProvider - CreateCompositeFromData
2019-10-09 12:59:08.116 [main] DEBUG dorozhko.composite.services.impl.CompositeService - data/text2.txt
2019-10-09 12:59:08.141 [main] TRACE by.dorozhko.composite.controller.Controller - Have result (result length): 21symbols
2019-10-09 12:59:08.141 [main] TRACE by.dorozhko.composite.view.Client - waiting for user input.
2019-10-09 12:59:17.494 [main] INFO  by.dorozhko.composite.view.Client - Exit from program by user.
2019-10-09 12:59:41.057 [main] TRACE by.dorozhko.composite.view.Client - waiting for user input.
2019-10-09 12:59:43.845 [main] TRACE by.dorozhko.composite.view.Client - User: read from file
2019-10-09 12:59:47.300 [main] DEBUG by.dorozhko.composite.controller.Controller - User request: CreateCompositeFromData, params : data/text2.txt
2019-10-09 12:59:47.300 [main] TRACE dorozhko.composite.controller.command.CommandProvider - CreateCompositeFromData
2019-10-09 12:59:47.303 [main] DEBUG dorozhko.composite.services.impl.CompositeService - data/text2.txt
2019-10-09 12:59:47.328 [main] TRACE by.dorozhko.composite.controller.Controller - Have result (result length): 21symbols
2019-10-09 12:59:47.328 [main] TRACE by.dorozhko.composite.view.Client - waiting for user input.
2019-10-09 13:00:51.212 [main] TRACE by.dorozhko.composite.view.Client - waiting for user input.
2019-10-09 13:00:53.168 [main] TRACE by.dorozhko.composite.view.Client - User: read from file
2019-10-09 13:00:54.717 [main] DEBUG by.dorozhko.composite.controller.Controller - User request: CreateCompositeFromData, params : data/text2.txt
2019-10-09 13:00:54.717 [main] TRACE dorozhko.composite.controller.command.CommandProvider - CreateCompositeFromData
2019-10-09 13:00:54.720 [main] DEBUG dorozhko.composite.services.impl.CompositeService - data/text2.txt
2019-10-09 13:00:54.744 [main] TRACE by.dorozhko.composite.controller.Controller - Have result (result length): 21symbols
2019-10-09 13:00:54.744 [main] TRACE by.dorozhko.composite.view.Client - waiting for user input.
2019-10-09 13:01:04.336 [main] INFO  by.dorozhko.composite.view.Client - Exit from program by user.
2019-10-09 13:02:14.379 [main] TRACE by.dorozhko.composite.view.Client - waiting for user input.
2019-10-09 13:02:17.364 [main] TRACE by.dorozhko.composite.view.Client - User: read from file
2019-10-09 13:02:19.501 [main] DEBUG by.dorozhko.composite.controller.Controller - User request: CreateCompositeFromData, params : data/text2.txt
2019-10-09 13:02:19.501 [main] TRACE dorozhko.composite.controller.command.CommandProvider - CreateCompositeFromData
2019-10-09 13:02:19.504 [main] DEBUG dorozhko.composite.services.impl.CompositeService - data/text2.txt
2019-10-09 13:02:19.528 [main] TRACE by.dorozhko.composite.controller.Controller - Have result (result length): 21symbols
2019-10-09 13:02:19.528 [main] TRACE by.dorozhko.composite.view.Client - waiting for user input.
2019-10-09 13:03:02.513 [main] TRACE by.dorozhko.composite.view.Client - waiting for user input.
2019-10-09 13:03:05.535 [main] TRACE by.dorozhko.composite.view.Client - User: read from file
2019-10-09 13:03:08.115 [main] DEBUG by.dorozhko.composite.controller.Controller - User request: CreateCompositeFromData, params : data/text2.txt
2019-10-09 13:03:08.115 [main] TRACE dorozhko.composite.controller.command.CommandProvider - CreateCompositeFromData
2019-10-09 13:03:08.118 [main] DEBUG dorozhko.composite.services.impl.CompositeService - data/text2.txt
2019-10-09 13:03:08.142 [main] TRACE by.dorozhko.composite.controller.Controller - Have result (result length): 21symbols
2019-10-09 13:03:08.142 [main] TRACE by.dorozhko.composite.view.Client - waiting for user input.
2019-10-09 13:03:58.781 [main] TRACE by.dorozhko.composite.view.Client - waiting for user input.
2019-10-09 13:04:01.292 [main] TRACE by.dorozhko.composite.view.Client - User: read from file
2019-10-09 13:04:02.654 [main] DEBUG by.dorozhko.composite.controller.Controller - User request: CreateCompositeFromData, params : data/text2.txt
2019-10-09 13:04:02.654 [main] TRACE dorozhko.composite.controller.command.CommandProvider - CreateCompositeFromData
2019-10-09 13:04:02.657 [main] DEBUG dorozhko.composite.services.impl.CompositeService - data/text2.txt
2019-10-09 13:04:02.685 [main] TRACE by.dorozhko.composite.controller.Controller - Have result (result length): 21symbols
2019-10-09 13:04:02.685 [main] TRACE by.dorozhko.composite.view.Client - waiting for user input.
2019-10-09 13:06:41.821 [main] TRACE by.dorozhko.composite.view.Client - waiting for user input.
2019-10-09 13:06:44.319 [main] TRACE by.dorozhko.composite.view.Client - User: read from file
2019-10-09 13:06:46.278 [main] DEBUG by.dorozhko.composite.controller.Controller - User request: CreateCompositeFromData, params : data/text2.txt
2019-10-09 13:06:46.278 [main] TRACE dorozhko.composite.controller.command.CommandProvider - CreateCompositeFromData
2019-10-09 13:06:46.295 [main] DEBUG dorozhko.composite.services.impl.CompositeService - data/text2.txt
2019-10-09 13:06:46.375 [main] TRACE by.dorozhko.composite.controller.Controller - Have result (result length): 21symbols
2019-10-09 13:06:46.375 [main] TRACE by.dorozhko.composite.view.Client - waiting for user input.
2019-10-09 13:06:51.842 [main] INFO  by.dorozhko.composite.view.Client - Exit from program by user.
2019-10-09 13:26:45.375 [main] TRACE by.dorozhko.composite.view.Client - waiting for user input.
2019-10-09 13:26:46.921 [main] TRACE by.dorozhko.composite.view.Client - User: read from file
2019-10-09 13:26:49.398 [main] DEBUG by.dorozhko.composite.controller.Controller - User request: CreateCompositeFromData, params : data/text2.txt
2019-10-09 13:26:49.398 [main] TRACE dorozhko.composite.controller.command.CommandProvider - CreateCompositeFromData
2019-10-09 13:26:49.401 [main] DEBUG dorozhko.composite.services.impl.CompositeService - data/text2.txt
2019-10-09 13:26:49.431 [main] TRACE by.dorozhko.composite.controller.Controller - Have result (result length): 21symbols
2019-10-09 13:26:49.431 [main] TRACE by.dorozhko.composite.view.Client - waiting for user input.
2019-10-09 13:26:56.736 [main] INFO  by.dorozhko.composite.view.Client - Exit from program by user.
2019-10-09 13:42:52.302 [main] TRACE by.dorozhko.composite.view.Client - waiting for user input.
2019-10-09 13:42:54.233 [main] TRACE by.dorozhko.composite.view.Client - User: read from file
2019-10-09 13:43:02.068 [main] DEBUG by.dorozhko.composite.controller.Controller - User request: CreateCompositeFromData, params : data/text.txt
2019-10-09 13:43:02.068 [main] TRACE dorozhko.composite.controller.command.CommandProvider - CreateCompositeFromData
2019-10-09 13:43:02.071 [main] DEBUG dorozhko.composite.services.impl.CompositeService - Start create composite of text method
2019-10-09 13:43:02.073 [main] DEBUG dorozhko.composite.services.impl.CompositeService - data/text.txt
2019-10-09 13:43:02.082 [main] DEBUG dorozhko.composite.services.impl.CompositeService - Text successfully read from data
2019-10-09 13:43:02.082 [main] DEBUG dorozhko.composite.services.impl.CompositeService - method createCompositeFromText is started.
2019-10-09 13:43:02.084 [main] DEBUG dorozhko.composite.services.impl.CompositeService - Chain of responsibility created. Start to parse text and create composition.
2019-10-09 13:43:02.098 [main] DEBUG dorozhko.composite.services.impl.CompositeService - Text successfully parsed and composition is ready.
2019-10-09 13:43:02.100 [main] DEBUG dorozhko.composite.services.impl.CompositeService - Composition send to storage.
2019-10-09 13:43:02.102 [main] TRACE by.dorozhko.composite.controller.Controller - Have result (result length): 21symbols
2019-10-09 13:43:02.103 [main] TRACE by.dorozhko.composite.view.Client - waiting for user input.
2019-10-09 13:43:07.802 [main] INFO  by.dorozhko.composite.view.Client - Exit from program by user.
2019-10-09 13:59:43.301 [main] TRACE by.dorozhko.composite.view.Client - waiting for user input.
2019-10-09 13:59:45.547 [main] TRACE by.dorozhko.composite.view.Client - User: CreateCompositeFromData
2019-10-09 13:59:54.187 [main] DEBUG by.dorozhko.composite.controller.Controller - User request: CreateCompositeFromData, params : data/text.txt
2019-10-09 13:59:54.187 [main] TRACE dorozhko.composite.controller.command.CommandProvider - CreateCompositeFromData
2019-10-09 13:59:54.190 [main] DEBUG dorozhko.composite.services.impl.CompositeService - Start create composite of text method
2019-10-09 13:59:54.191 [main] DEBUG dorozhko.composite.services.impl.CompositeService - data/text.txt
2019-10-09 13:59:54.200 [main] DEBUG dorozhko.composite.services.impl.CompositeService - Text successfully read from data
2019-10-09 13:59:54.200 [main] DEBUG dorozhko.composite.services.impl.CompositeService - method createCompositeFromText is started.
2019-10-09 13:59:54.202 [main] DEBUG dorozhko.composite.services.impl.CompositeService - Chain of responsibility created. Start to parse text and create composition.
2019-10-09 13:59:54.215 [main] DEBUG dorozhko.composite.services.impl.CompositeService - Text successfully parsed and composition is ready.
2019-10-09 13:59:54.218 [main] DEBUG dorozhko.composite.services.impl.CompositeService - Composition send to storage.
2019-10-09 13:59:54.221 [main] TRACE by.dorozhko.composite.controller.Controller - Have result (result length): 21symbols
2019-10-09 13:59:54.221 [main] TRACE by.dorozhko.composite.view.Client - waiting for user input.
2019-10-09 13:59:57.699 [main] TRACE by.dorozhko.composite.view.Client - User: view text from composite
2019-10-09 13:59:57.700 [main] DEBUG by.dorozhko.composite.controller.Controller - User request: ViewCompositeTextFromRepository, params :  
2019-10-09 13:59:57.700 [main] TRACE dorozhko.composite.controller.command.CommandProvider - ViewCompositeTextFromRepository
2019-10-09 13:59:57.701 [main] TRACE by.dorozhko.composite.controller.Controller - Have result (result length): 3190symbols
2019-10-09 13:59:57.701 [main] TRACE by.dorozhko.composite.view.Client - waiting for user input.
2019-10-09 14:00:05.079 [main] INFO  by.dorozhko.composite.view.Client - Exit from program by user.
2019-10-09 14:04:04.662 [main] TRACE by.dorozhko.composite.view.Client - waiting for user input.
2019-10-09 14:04:06.607 [main] TRACE by.dorozhko.composite.view.Client - User: view text from composite
2019-10-09 14:04:06.608 [main] DEBUG by.dorozhko.composite.controller.Controller - User request: ViewCompositeTextFromRepository, params :  
2019-10-09 14:04:06.608 [main] TRACE dorozhko.composite.controller.command.CommandProvider - ViewCompositeTextFromRepository
2019-10-09 14:05:14.895 [main] TRACE by.dorozhko.composite.view.Client - waiting for user input.
2019-10-09 14:05:16.483 [main] TRACE by.dorozhko.composite.view.Client - User: view text from composite
2019-10-09 14:05:16.483 [main] DEBUG by.dorozhko.composite.controller.Controller - User request: ViewCompositeTextFromRepository, params :  
2019-10-09 14:05:16.483 [main] TRACE dorozhko.composite.controller.command.CommandProvider - ViewCompositeTextFromRepository
2019-10-09 14:05:16.486 [main] TRACE by.dorozhko.composite.controller.Controller - Have result (result length): 18symbols
2019-10-09 14:05:16.487 [main] TRACE by.dorozhko.composite.view.Client - waiting for user input.
2019-10-09 14:05:19.956 [main] TRACE by.dorozhko.composite.view.Client - User: CreateCompositeFromData
2019-10-09 14:05:32.595 [main] DEBUG by.dorozhko.composite.controller.Controller - User request: CreateCompositeFromData, params : data/text.txt
2019-10-09 14:05:32.596 [main] TRACE dorozhko.composite.controller.command.CommandProvider - CreateCompositeFromData
2019-10-09 14:05:32.596 [main] DEBUG dorozhko.composite.services.impl.CompositeService - Start create composite of text method
2019-10-09 14:05:32.598 [main] DEBUG dorozhko.composite.services.impl.CompositeService - data/text.txt
2019-10-09 14:05:32.610 [main] DEBUG dorozhko.composite.services.impl.CompositeService - Text successfully read from data
2019-10-09 14:05:32.610 [main] DEBUG dorozhko.composite.services.impl.CompositeService - method createCompositeFromText is started.
2019-10-09 14:05:32.612 [main] DEBUG dorozhko.composite.services.impl.CompositeService - Chain of responsibility created. Start to parse text and create composition.
2019-10-09 14:05:32.634 [main] DEBUG dorozhko.composite.services.impl.CompositeService - Text successfully parsed and composition is ready.
2019-10-09 14:05:32.635 [main] DEBUG dorozhko.composite.services.impl.CompositeService - Composition send to storage.
2019-10-09 14:05:32.637 [main] TRACE by.dorozhko.composite.controller.Controller - Have result (result length): 21symbols
2019-10-09 14:05:32.637 [main] TRACE by.dorozhko.composite.view.Client - waiting for user input.
2019-10-09 14:05:36.155 [main] TRACE by.dorozhko.composite.view.Client - User: save text to data
2019-10-09 14:05:40.230 [main] DEBUG by.dorozhko.composite.controller.Controller - User request: SaveTextToData, params :  asd
2019-10-09 14:05:40.230 [main] TRACE dorozhko.composite.controller.command.CommandProvider - SaveTextToData
2019-10-09 14:05:40.231 [main] DEBUG dorozhko.composite.services.impl.CompositeService - Start save to data method
2019-10-09 14:05:40.240 [main] TRACE by.dorozhko.composite.controller.Controller - Have result (result length): 24symbols
2019-10-09 14:05:40.240 [main] INFO  by.dorozhko.composite.view.Client - Exit from program by user.
2019-10-09 14:06:06.980 [main] TRACE by.dorozhko.composite.view.Client - waiting for user input.
2019-10-09 14:06:08.657 [main] TRACE by.dorozhko.composite.view.Client - User: CreateCompositeFromData
2019-10-09 14:06:10.542 [main] DEBUG by.dorozhko.composite.controller.Controller - User request: CreateCompositeFromData, params : asd
2019-10-09 14:06:10.542 [main] TRACE dorozhko.composite.controller.command.CommandProvider - CreateCompositeFromData
2019-10-09 14:06:10.545 [main] DEBUG dorozhko.composite.services.impl.CompositeService - Start create composite of text method
2019-10-09 14:06:10.546 [main] DEBUG dorozhko.composite.services.impl.CompositeService - asd
2019-10-09 14:06:10.548 [main] ERROR dorozhko.composite.services.impl.CompositeService - by.dorozhko.composite.dal.exception.ExceptionDAL: java.io.FileNotFoundException: asd (Не удается найти указанный файл)
2019-10-09 14:06:10.548 [main] TRACE by.dorozhko.composite.controller.Controller - Have result (result length): 22symbols
2019-10-09 14:06:10.548 [main] TRACE by.dorozhko.composite.view.Client - waiting for user input.
2019-10-09 14:06:26.578 [main] TRACE by.dorozhko.composite.view.Client - User: CreateCompositeFromData
2019-10-09 14:06:37.079 [main] DEBUG by.dorozhko.composite.controller.Controller - User request: CreateCompositeFromData, params : asd.txt
2019-10-09 14:06:37.079 [main] TRACE dorozhko.composite.controller.command.CommandProvider - CreateCompositeFromData
2019-10-09 14:06:37.079 [main] DEBUG dorozhko.composite.services.impl.CompositeService - Start create composite of text method
2019-10-09 14:06:37.079 [main] DEBUG dorozhko.composite.services.impl.CompositeService - asd.txt
2019-10-09 14:06:37.079 [main] ERROR dorozhko.composite.services.impl.CompositeService - by.dorozhko.composite.dal.exception.ExceptionDAL: java.io.FileNotFoundException: asd.txt (Не удается найти указанный файл)
2019-10-09 14:06:37.079 [main] TRACE by.dorozhko.composite.controller.Controller - Have result (result length): 22symbols
2019-10-09 14:06:37.080 [main] TRACE by.dorozhko.composite.view.Client - waiting for user input.
2019-10-09 14:06:42.202 [main] TRACE by.dorozhko.composite.view.Client - User: CreateCompositeFromData
2019-10-09 14:06:53.574 [main] DEBUG by.dorozhko.composite.controller.Controller - User request: CreateCompositeFromData, params : data\text.txt
2019-10-09 14:06:53.574 [main] TRACE dorozhko.composite.controller.command.CommandProvider - CreateCompositeFromData
2019-10-09 14:06:53.574 [main] DEBUG dorozhko.composite.services.impl.CompositeService - Start create composite of text method
2019-10-09 14:06:53.574 [main] DEBUG dorozhko.composite.services.impl.CompositeService - data\text.txt
2019-10-09 14:06:53.583 [main] DEBUG dorozhko.composite.services.impl.CompositeService - Text successfully read from data
2019-10-09 14:06:53.583 [main] DEBUG dorozhko.composite.services.impl.CompositeService - method createCompositeFromText is started.
2019-10-09 14:06:53.585 [main] DEBUG dorozhko.composite.services.impl.CompositeService - Chain of responsibility created. Start to parse text and create composition.
2019-10-09 14:06:53.599 [main] DEBUG dorozhko.composite.services.impl.CompositeService - Text successfully parsed and composition is ready.
2019-10-09 14:06:53.601 [main] DEBUG dorozhko.composite.services.impl.CompositeService - Composition send to storage.
2019-10-09 14:06:53.604 [main] TRACE by.dorozhko.composite.controller.Controller - Have result (result length): 21symbols
2019-10-09 14:06:53.605 [main] TRACE by.dorozhko.composite.view.Client - waiting for user input.
2019-10-09 14:06:55.896 [main] TRACE by.dorozhko.composite.view.Client - User: view text from composite
2019-10-09 14:06:55.896 [main] DEBUG by.dorozhko.composite.controller.Controller - User request: ViewCompositeTextFromRepository, params :  
2019-10-09 14:06:55.896 [main] TRACE dorozhko.composite.controller.command.CommandProvider - ViewCompositeTextFromRepository
2019-10-09 14:06:55.897 [main] TRACE by.dorozhko.composite.controller.Controller - Have result (result length): 3190symbols
2019-10-09 14:06:55.897 [main] TRACE by.dorozhko.composite.view.Client - waiting for user input.
2019-10-09 14:06:59.378 [main] TRACE by.dorozhko.composite.view.Client - User: save text to data
2019-10-09 14:07:03.312 [main] DEBUG by.dorozhko.composite.controller.Controller - User request: SaveTextToData, params :  asd.txt
2019-10-09 14:07:03.312 [main] TRACE dorozhko.composite.controller.command.CommandProvider - SaveTextToData
2019-10-09 14:07:03.312 [main] DEBUG dorozhko.composite.services.impl.CompositeService - Start save to data method
2019-10-09 14:07:03.316 [main] TRACE by.dorozhko.composite.controller.Controller - Have result (result length): 24symbols
2019-10-09 14:07:03.316 [main] INFO  by.dorozhko.composite.view.Client - Exit from program by user.
2019-10-09 14:07:17.767 [main] TRACE by.dorozhko.composite.view.Client - waiting for user input.
2019-10-09 14:07:19.433 [main] TRACE by.dorozhko.composite.view.Client - User: CreateCompositeFromData
2019-10-09 14:07:22.877 [main] DEBUG by.dorozhko.composite.controller.Controller - User request: CreateCompositeFromData, params : asd.txt
2019-10-09 14:07:22.878 [main] TRACE dorozhko.composite.controller.command.CommandProvider - CreateCompositeFromData
2019-10-09 14:07:22.881 [main] DEBUG dorozhko.composite.services.impl.CompositeService - Start create composite of text method
2019-10-09 14:07:22.883 [main] DEBUG dorozhko.composite.services.impl.CompositeService - asd.txt
2019-10-09 14:07:22.884 [main] ERROR dorozhko.composite.services.impl.CompositeService - by.dorozhko.composite.dal.exception.ExceptionDAL: java.io.FileNotFoundException: asd.txt (Не удается найти указанный файл)
2019-10-09 14:07:22.884 [main] TRACE by.dorozhko.composite.controller.Controller - Have result (result length): 22symbols
2019-10-09 14:07:22.884 [main] TRACE by.dorozhko.composite.view.Client - waiting for user input.
2019-10-09 14:07:54.181 [main] TRACE by.dorozhko.composite.view.Client - waiting for user input.
2019-10-09 14:07:55.822 [main] TRACE by.dorozhko.composite.view.Client - User: CreateCompositeFromData
2019-10-09 14:08:09.743 [main] DEBUG by.dorozhko.composite.controller.Controller - User request: CreateCompositeFromData, params : data/text.txt
2019-10-09 14:08:09.743 [main] TRACE dorozhko.composite.controller.command.CommandProvider - CreateCompositeFromData
2019-10-09 14:08:09.746 [main] DEBUG dorozhko.composite.services.impl.CompositeService - Start create composite of text method
2019-10-09 14:08:09.747 [main] DEBUG dorozhko.composite.services.impl.CompositeService - data/text.txt
2019-10-09 14:08:09.756 [main] DEBUG dorozhko.composite.services.impl.CompositeService - Text successfully read from data
2019-10-09 14:08:09.756 [main] DEBUG dorozhko.composite.services.impl.CompositeService - method createCompositeFromText is started.
2019-10-09 14:08:09.758 [main] DEBUG dorozhko.composite.services.impl.CompositeService - Chain of responsibility created. Start to parse text and create composition.
2019-10-09 14:08:09.772 [main] DEBUG dorozhko.composite.services.impl.CompositeService - Text successfully parsed and composition is ready.
2019-10-09 14:08:09.775 [main] DEBUG dorozhko.composite.services.impl.CompositeService - Composition send to storage.
2019-10-09 14:08:09.777 [main] TRACE by.dorozhko.composite.controller.Controller - Have result (result length): 21symbols
2019-10-09 14:08:09.777 [main] TRACE by.dorozhko.composite.view.Client - waiting for user input.
2019-10-09 14:08:12.867 [main] TRACE by.dorozhko.composite.view.Client - User: view text from composite
2019-10-09 14:08:12.867 [main] DEBUG by.dorozhko.composite.controller.Controller - User request: ViewCompositeTextFromRepository, params :  
2019-10-09 14:08:12.867 [main] TRACE dorozhko.composite.controller.command.CommandProvider - ViewCompositeTextFromRepository
2019-10-09 14:08:12.868 [main] TRACE by.dorozhko.composite.controller.Controller - Have result (result length): 3190symbols
2019-10-09 14:08:12.869 [main] TRACE by.dorozhko.composite.view.Client - waiting for user input.
2019-10-09 14:08:14.372 [main] TRACE by.dorozhko.composite.view.Client - User: save text to data
2019-10-09 14:08:25.166 [main] DEBUG by.dorozhko.composite.controller.Controller - User request: SaveTextToData, params :  data\out.txt
2019-10-09 14:08:25.166 [main] TRACE dorozhko.composite.controller.command.CommandProvider - SaveTextToData
2019-10-09 14:08:25.167 [main] DEBUG dorozhko.composite.services.impl.CompositeService - Start save to data method
2019-10-09 14:08:25.172 [main] ERROR dorozhko.composite.services.impl.CompositeService - by.dorozhko.composite.dal.exception.ExceptionDAL: java.io.FileNotFoundException:  data\out.txt (Системе не удается найти указанный путь)
2019-10-09 14:08:25.172 [main] TRACE by.dorozhko.composite.controller.Controller - Have result (result length): 41symbols
2019-10-09 14:08:25.172 [main] INFO  by.dorozhko.composite.view.Client - Exit from program by user.
2019-10-09 14:09:29.169 [main] TRACE by.dorozhko.composite.view.Client - waiting for user input.
2019-10-09 14:09:31.273 [main] TRACE by.dorozhko.composite.view.Client - User: CreateCompositeFromData
2019-10-09 14:09:37.571 [main] DEBUG by.dorozhko.composite.controller.Controller - User request: CreateCompositeFromData, params : data/text.txt
2019-10-09 14:09:37.572 [main] TRACE dorozhko.composite.controller.command.CommandProvider - CreateCompositeFromData
2019-10-09 14:09:37.574 [main] DEBUG dorozhko.composite.services.impl.CompositeService - Start create composite of text method
2019-10-09 14:09:37.575 [main] DEBUG dorozhko.composite.services.impl.CompositeService - data/text.txt
2019-10-09 14:09:37.584 [main] DEBUG dorozhko.composite.services.impl.CompositeService - Text successfully read from data
2019-10-09 14:09:37.584 [main] DEBUG dorozhko.composite.services.impl.CompositeService - method createCompositeFromText is started.
2019-10-09 14:09:37.586 [main] DEBUG dorozhko.composite.services.impl.CompositeService - Chain of responsibility created. Start to parse text and create composition.
2019-10-09 14:09:37.601 [main] DEBUG dorozhko.composite.services.impl.CompositeService - Text successfully parsed and composition is ready.
2019-10-09 14:09:37.603 [main] DEBUG dorozhko.composite.services.impl.CompositeService - Composition send to storage.
2019-10-09 14:09:37.605 [main] TRACE by.dorozhko.composite.controller.Controller - Have result (result length): 21symbols
2019-10-09 14:09:37.605 [main] TRACE by.dorozhko.composite.view.Client - waiting for user input.
2019-10-09 14:09:40.755 [main] TRACE by.dorozhko.composite.view.Client - User: view text from composite
2019-10-09 14:09:40.755 [main] DEBUG by.dorozhko.composite.controller.Controller - User request: ViewCompositeTextFromRepository, params :  
2019-10-09 14:09:40.756 [main] TRACE dorozhko.composite.controller.command.CommandProvider - ViewCompositeTextFromRepository
2019-10-09 14:09:40.756 [main] TRACE by.dorozhko.composite.controller.Controller - Have result (result length): 3190symbols
2019-10-09 14:09:40.757 [main] TRACE by.dorozhko.composite.view.Client - waiting for user input.
2019-10-09 14:09:41.817 [main] TRACE by.dorozhko.composite.view.Client - User: save text to data
2019-10-09 14:09:51.711 [main] DEBUG by.dorozhko.composite.controller.Controller - User request: SaveTextToData, params :  data/out.txt
2019-10-09 14:09:51.711 [main] TRACE dorozhko.composite.controller.command.CommandProvider - SaveTextToData
2019-10-09 14:09:51.711 [main] DEBUG dorozhko.composite.services.impl.CompositeService - Start save to data method
2019-10-09 14:09:51.714 [main] ERROR dorozhko.composite.services.impl.CompositeService - by.dorozhko.composite.dal.exception.ExceptionDAL: java.io.FileNotFoundException:  data\out.txt (Системе не удается найти указанный путь)
2019-10-09 14:09:51.714 [main] TRACE by.dorozhko.composite.controller.Controller - Have result (result length): 41symbols
2019-10-09 14:09:51.715 [main] TRACE by.dorozhko.composite.view.Client - waiting for user input.
2019-10-09 14:09:57.605 [main] TRACE by.dorozhko.composite.view.Client - User: save text to data
2019-10-09 14:10:08.538 [main] DEBUG by.dorozhko.composite.controller.Controller - User request: SaveTextToData, params :  data\\sa.txt
2019-10-09 14:10:08.538 [main] TRACE dorozhko.composite.controller.command.CommandProvider - SaveTextToData
2019-10-09 14:10:08.538 [main] DEBUG dorozhko.composite.services.impl.CompositeService - Start save to data method
2019-10-09 14:10:08.539 [main] ERROR dorozhko.composite.services.impl.CompositeService - by.dorozhko.composite.dal.exception.ExceptionDAL: java.io.FileNotFoundException:  data\sa.txt (Системе не удается найти указанный путь)
2019-10-09 14:10:08.539 [main] TRACE by.dorozhko.composite.controller.Controller - Have result (result length): 41symbols
2019-10-09 14:10:08.540 [main] TRACE by.dorozhko.composite.view.Client - waiting for user input.
2019-10-09 14:10:12.965 [main] TRACE by.dorozhko.composite.view.Client - User: save text to data
2019-10-09 14:10:19.788 [main] DEBUG by.dorozhko.composite.controller.Controller - User request: SaveTextToData, params :  data\s.txt
2019-10-09 14:10:19.788 [main] TRACE dorozhko.composite.controller.command.CommandProvider - SaveTextToData
2019-10-09 14:10:19.789 [main] DEBUG dorozhko.composite.services.impl.CompositeService - Start save to data method
2019-10-09 14:10:19.790 [main] ERROR dorozhko.composite.services.impl.CompositeService - by.dorozhko.composite.dal.exception.ExceptionDAL: java.io.FileNotFoundException:  data\s.txt (Системе не удается найти указанный путь)
2019-10-09 14:10:19.790 [main] TRACE by.dorozhko.composite.controller.Controller - Have result (result length): 41symbols
2019-10-09 14:10:19.791 [main] TRACE by.dorozhko.composite.view.Client - waiting for user input.
2019-10-09 14:10:23.993 [main] TRACE by.dorozhko.composite.view.Client - User: save text to data
2019-10-09 14:10:28.226 [main] DEBUG by.dorozhko.composite.controller.Controller - User request: SaveTextToData, params :  s.txt
2019-10-09 14:10:28.226 [main] TRACE dorozhko.composite.controller.command.CommandProvider - SaveTextToData
2019-10-09 14:10:28.226 [main] DEBUG dorozhko.composite.services.impl.CompositeService - Start save to data method
2019-10-09 14:10:28.229 [main] TRACE by.dorozhko.composite.controller.Controller - Have result (result length): 24symbols
2019-10-09 14:10:28.229 [main] TRACE by.dorozhko.composite.view.Client - waiting for user input.
2019-10-09 14:10:34.165 [main] INFO  by.dorozhko.composite.view.Client - Exit from program by user.
2019-10-09 14:12:40.053 [main] TRACE by.dorozhko.composite.view.Client - waiting for user input.
2019-10-09 14:12:41.509 [main] TRACE by.dorozhko.composite.view.Client - User: CreateCompositeFromData
2019-10-09 14:12:50.332 [main] DEBUG by.dorozhko.composite.controller.Controller - User request: CreateCompositeFromData, params : data/text.txt
2019-10-09 14:12:50.332 [main] TRACE dorozhko.composite.controller.command.CommandProvider - CreateCompositeFromData
2019-10-09 14:12:50.335 [main] DEBUG dorozhko.composite.services.impl.CompositeService - Start create composite of text method
2019-10-09 14:12:50.336 [main] DEBUG dorozhko.composite.services.impl.CompositeService - data/text.txt
2019-10-09 14:12:50.345 [main] DEBUG dorozhko.composite.services.impl.CompositeService - Text successfully read from data
2019-10-09 14:12:50.345 [main] DEBUG dorozhko.composite.services.impl.CompositeService - method createCompositeFromText is started.
2019-10-09 14:12:50.346 [main] DEBUG dorozhko.composite.services.impl.CompositeService - Chain of responsibility created. Start to parse text and create composition.
2019-10-09 14:12:50.361 [main] DEBUG dorozhko.composite.services.impl.CompositeService - Text successfully parsed and composition is ready.
2019-10-09 14:12:50.363 [main] DEBUG dorozhko.composite.services.impl.CompositeService - Composition send to storage.
2019-10-09 14:12:50.365 [main] TRACE by.dorozhko.composite.controller.Controller - Have result (result length): 21symbols
2019-10-09 14:12:50.366 [main] TRACE by.dorozhko.composite.view.Client - waiting for user input.
2019-10-09 14:12:53.113 [main] TRACE by.dorozhko.composite.view.Client - User: save text to data
2019-10-09 14:12:54.693 [main] DEBUG by.dorozhko.composite.controller.Controller - User request: SaveTextToData, params :  ds
2019-10-09 14:12:54.694 [main] TRACE dorozhko.composite.controller.command.CommandProvider - SaveTextToData
2019-10-09 14:12:54.694 [main] DEBUG dorozhko.composite.services.impl.CompositeService - Start save to data method
2019-10-09 14:12:54.697 [main] TRACE by.dorozhko.composite.controller.Controller - Have result (result length): 24symbols
2019-10-09 14:12:54.697 [main] TRACE by.dorozhko.composite.view.Client - waiting for user input.
2019-10-09 14:15:02.728 [main] INFO  by.dorozhko.composite.view.Client - Exit from program by user.
2019-10-09 14:15:31.881 [main] TRACE by.dorozhko.composite.view.Client - waiting for user input.
2019-10-09 14:15:35.022 [main] TRACE by.dorozhko.composite.view.Client - User: CreateCompositeFromData
2019-10-09 14:15:51.444 [main] DEBUG by.dorozhko.composite.controller.Controller - User request: CreateCompositeFromData, params : data/text.txt
2019-10-09 14:15:51.444 [main] TRACE dorozhko.composite.controller.command.CommandProvider - CreateCompositeFromData
2019-10-09 14:15:51.468 [main] DEBUG dorozhko.composite.services.impl.CompositeService - Start create composite of text method
2019-10-09 14:15:51.469 [main] DEBUG dorozhko.composite.services.impl.CompositeService - data/text.txt
2019-10-09 14:15:51.478 [main] DEBUG dorozhko.composite.services.impl.CompositeService - Text successfully read from data
2019-10-09 14:15:51.478 [main] DEBUG dorozhko.composite.services.impl.CompositeService - method createCompositeFromText is started.
2019-10-09 14:15:51.509 [main] DEBUG dorozhko.composite.services.impl.CompositeService - Chain of responsibility created. Start to parse text and create composition.
2019-10-09 14:15:51.608 [main] DEBUG dorozhko.composite.services.impl.CompositeService - Text successfully parsed and composition is ready.
2019-10-09 14:15:51.646 [main] DEBUG dorozhko.composite.services.impl.CompositeService - Composition send to storage.
2019-10-09 14:15:51.648 [main] TRACE by.dorozhko.composite.controller.Controller - Have result (result length): 21symbols
2019-10-09 14:15:51.648 [main] TRACE by.dorozhko.composite.view.Client - waiting for user input.
2019-10-09 14:15:53.725 [main] TRACE by.dorozhko.composite.view.Client - User: view text from composite
2019-10-09 14:15:53.725 [main] DEBUG by.dorozhko.composite.controller.Controller - User request: ViewCompositeTextFromRepository, params :  
2019-10-09 14:15:53.726 [main] TRACE dorozhko.composite.controller.command.CommandProvider - ViewCompositeTextFromRepository
2019-10-09 14:15:53.727 [main] TRACE by.dorozhko.composite.controller.Controller - Have result (result length): 3190symbols
2019-10-09 14:15:53.727 [main] TRACE by.dorozhko.composite.view.Client - waiting for user input.
2019-10-09 14:15:55.039 [main] TRACE by.dorozhko.composite.view.Client - User: save text to data
2019-10-09 14:16:03.735 [main] DEBUG by.dorozhko.composite.controller.Controller - User request: SaveTextToData, params :  data/text.txt
2019-10-09 14:16:03.735 [main] TRACE dorozhko.composite.controller.command.CommandProvider - SaveTextToData
2019-10-09 14:16:03.736 [main] DEBUG dorozhko.composite.services.impl.CompositeService - Start save to data method
2019-10-09 14:16:03.739 [main] ERROR dorozhko.composite.services.impl.CompositeService - by.dorozhko.composite.dal.exception.ExceptionDAL: java.io.FileNotFoundException:  data\text.txt (Системе не удается найти указанный путь)
2019-10-09 14:16:03.739 [main] TRACE by.dorozhko.composite.controller.Controller - Have result (result length): 41symbols
2019-10-09 14:16:03.740 [main] TRACE by.dorozhko.composite.view.Client - waiting for user input.
2019-10-09 14:16:10.706 [main] TRACE by.dorozhko.composite.view.Client - User: save text to data
2019-10-09 14:16:22.415 [main] DEBUG by.dorozhko.composite.controller.Controller - User request: SaveTextToData, params :  data/texout.txt
2019-10-09 14:16:22.415 [main] TRACE dorozhko.composite.controller.command.CommandProvider - SaveTextToData
2019-10-09 14:16:22.415 [main] DEBUG dorozhko.composite.services.impl.CompositeService - Start save to data method
2019-10-09 14:16:22.416 [main] ERROR dorozhko.composite.services.impl.CompositeService - by.dorozhko.composite.dal.exception.ExceptionDAL: java.io.FileNotFoundException:  data\texout.txt (Системе не удается найти указанный путь)
2019-10-09 14:16:22.416 [main] TRACE by.dorozhko.composite.controller.Controller - Have result (result length): 41symbols
2019-10-09 14:16:22.416 [main] TRACE by.dorozhko.composite.view.Client - waiting for user input.
2019-10-09 14:16:30.716 [main] TRACE by.dorozhko.composite.view.Client - User: save text to data
2019-10-09 14:16:47.761 [main] DEBUG by.dorozhko.composite.controller.Controller - User request: SaveTextToData, params :  /data/textsad.txt
2019-10-09 14:16:47.761 [main] TRACE dorozhko.composite.controller.command.CommandProvider - SaveTextToData
2019-10-09 14:16:47.761 [main] DEBUG dorozhko.composite.services.impl.CompositeService - Start save to data method
2019-10-09 14:16:47.761 [main] ERROR dorozhko.composite.services.impl.CompositeService - by.dorozhko.composite.dal.exception.ExceptionDAL: java.io.FileNotFoundException:  \data\textsad.txt (Системе не удается найти указанный путь)
2019-10-09 14:16:47.761 [main] TRACE by.dorozhko.composite.controller.Controller - Have result (result length): 41symbols
2019-10-09 14:16:47.762 [main] TRACE by.dorozhko.composite.view.Client - waiting for user input.
2019-10-09 14:16:56.722 [main] TRACE by.dorozhko.composite.view.Client - User: save text to data
2019-10-09 14:17:13.086 [main] DEBUG by.dorozhko.composite.controller.Controller - User request: SaveTextToData, params :  d:\tex.txt
2019-10-09 14:17:13.086 [main] TRACE dorozhko.composite.controller.command.CommandProvider - SaveTextToData
2019-10-09 14:17:13.086 [main] DEBUG dorozhko.composite.services.impl.CompositeService - Start save to data method
2019-10-09 14:17:13.087 [main] ERROR dorozhko.composite.services.impl.CompositeService - by.dorozhko.composite.dal.exception.ExceptionDAL: java.io.FileNotFoundException:  d:\tex.txt (Синтаксическая ошибка в имени файла, имени папки или метке тома)
2019-10-09 14:17:13.087 [main] TRACE by.dorozhko.composite.controller.Controller - Have result (result length): 41symbols
2019-10-09 14:17:13.088 [main] TRACE by.dorozhko.composite.view.Client - waiting for user input.
2019-10-09 14:17:23.104 [main] INFO  by.dorozhko.composite.view.Client - Exit from program by user.
2019-10-09 14:19:28.565 [main] TRACE by.dorozhko.composite.view.Client - waiting for user input.
2019-10-09 14:19:30.732 [main] TRACE by.dorozhko.composite.view.Client - User: CreateCompositeFromData
2019-10-09 14:19:34.728 [main] DEBUG by.dorozhko.composite.controller.Controller - User request: CreateCompositeFromData, params : data/text.txt
2019-10-09 14:19:34.728 [main] TRACE dorozhko.composite.controller.command.CommandProvider - CreateCompositeFromData
2019-10-09 14:19:34.730 [main] DEBUG dorozhko.composite.services.impl.CompositeService - Start create composite of text method
2019-10-09 14:19:34.731 [main] DEBUG dorozhko.composite.services.impl.CompositeService - data/text.txt
2019-10-09 14:19:34.740 [main] DEBUG dorozhko.composite.services.impl.CompositeService - Text successfully read from data
2019-10-09 14:19:34.740 [main] DEBUG dorozhko.composite.services.impl.CompositeService - method createCompositeFromText is started.
2019-10-09 14:19:34.742 [main] DEBUG dorozhko.composite.services.impl.CompositeService - Chain of responsibility created. Start to parse text and create composition.
2019-10-09 14:19:34.757 [main] DEBUG dorozhko.composite.services.impl.CompositeService - Text successfully parsed and composition is ready.
2019-10-09 14:19:34.759 [main] DEBUG dorozhko.composite.services.impl.CompositeService - Composition send to storage.
2019-10-09 14:19:34.761 [main] TRACE by.dorozhko.composite.controller.Controller - Have result (result length): 21symbols
2019-10-09 14:19:34.761 [main] TRACE by.dorozhko.composite.view.Client - waiting for user input.
2019-10-09 14:19:36.217 [main] TRACE by.dorozhko.composite.view.Client - User: view text from composite
2019-10-09 14:19:36.217 [main] DEBUG by.dorozhko.composite.controller.Controller - User request: ViewCompositeTextFromRepository, params :  
2019-10-09 14:19:36.217 [main] TRACE dorozhko.composite.controller.command.CommandProvider - ViewCompositeTextFromRepository
2019-10-09 14:19:36.218 [main] TRACE by.dorozhko.composite.controller.Controller - Have result (result length): 3190symbols
2019-10-09 14:19:36.219 [main] TRACE by.dorozhko.composite.view.Client - waiting for user input.
2019-10-09 14:19:40.585 [main] TRACE by.dorozhko.composite.view.Client - User: save text to data
2019-10-09 14:19:52.193 [main] DEBUG by.dorozhko.composite.controller.Controller - User request: SaveTextToData, params :  data/texts.txt
2019-10-09 14:19:52.193 [main] TRACE dorozhko.composite.controller.command.CommandProvider - SaveTextToData
2019-10-09 14:19:52.194 [main] DEBUG dorozhko.composite.services.impl.CompositeService - Start save to data method
2019-10-09 14:19:52.196 [main] INFO  dorozhko.composite.dal.impl.FileCompositeDAL - Start wright to file.
2019-10-09 14:19:52.196 [main] DEBUG dorozhko.composite.dal.impl.FileCompositeDAL -  data/texts.txt
2019-10-09 14:19:52.198 [main] ERROR dorozhko.composite.dal.impl.FileCompositeDAL - java.io.FileNotFoundException:  data\texts.txt (Системе не удается найти указанный путь)
2019-10-09 14:19:52.198 [main] ERROR dorozhko.composite.services.impl.CompositeService - by.dorozhko.composite.dal.exception.ExceptionDAL: java.io.FileNotFoundException:  data\texts.txt (Системе не удается найти указанный путь)
2019-10-09 14:19:52.198 [main] TRACE by.dorozhko.composite.controller.Controller - Have result (result length): 41symbols
2019-10-09 14:19:52.198 [main] TRACE by.dorozhko.composite.view.Client - waiting for user input.
2019-10-09 14:19:56.468 [main] INFO  by.dorozhko.composite.view.Client - Exit from program by user.
2019-10-09 14:20:55.531 [main] TRACE by.dorozhko.composite.view.Client - waiting for user input.
2019-10-09 14:20:59.624 [main] TRACE by.dorozhko.composite.view.Client - User: CreateCompositeFromData
2019-10-09 14:21:00.492 [main] DEBUG by.dorozhko.composite.controller.Controller - User request: CreateCompositeFromData, params : data/text.txt
2019-10-09 14:21:00.492 [main] TRACE dorozhko.composite.controller.command.CommandProvider - CreateCompositeFromData
2019-10-09 14:21:00.494 [main] DEBUG dorozhko.composite.services.impl.CompositeService - Start create composite of text method
2019-10-09 14:21:00.495 [main] DEBUG dorozhko.composite.services.impl.CompositeService - data/text.txt
2019-10-09 14:21:00.504 [main] DEBUG dorozhko.composite.services.impl.CompositeService - Text successfully read from data
2019-10-09 14:21:00.504 [main] DEBUG dorozhko.composite.services.impl.CompositeService - method createCompositeFromText is started.
2019-10-09 14:21:00.506 [main] DEBUG dorozhko.composite.services.impl.CompositeService - Chain of responsibility created. Start to parse text and create composition.
2019-10-09 14:21:00.521 [main] DEBUG dorozhko.composite.services.impl.CompositeService - Text successfully parsed and composition is ready.
2019-10-09 14:21:00.524 [main] DEBUG dorozhko.composite.services.impl.CompositeService - Composition send to storage.
2019-10-09 14:21:00.526 [main] TRACE by.dorozhko.composite.controller.Controller - Have result (result length): 21symbols
2019-10-09 14:21:00.526 [main] TRACE by.dorozhko.composite.view.Client - waiting for user input.
2019-10-09 14:21:03.648 [main] TRACE by.dorozhko.composite.view.Client - User: view text from composite
2019-10-09 14:21:03.649 [main] DEBUG by.dorozhko.composite.controller.Controller - User request: ViewCompositeTextFromRepository, params :  
2019-10-09 14:21:03.649 [main] TRACE dorozhko.composite.controller.command.CommandProvider - ViewCompositeTextFromRepository
2019-10-09 14:21:03.650 [main] TRACE by.dorozhko.composite.controller.Controller - Have result (result length): 3190symbols
2019-10-09 14:21:03.650 [main] TRACE by.dorozhko.composite.view.Client - waiting for user input.
2019-10-09 14:21:05.156 [main] TRACE by.dorozhko.composite.view.Client - User: save text to data
2019-10-09 14:21:17.980 [main] DEBUG by.dorozhko.composite.controller.Controller - User request: SaveTextToData, params :  data\\texdst.txt
2019-10-09 14:21:17.980 [main] TRACE dorozhko.composite.controller.command.CommandProvider - SaveTextToData
2019-10-09 14:21:17.980 [main] DEBUG dorozhko.composite.services.impl.CompositeService - Start save to data method
2019-10-09 14:21:17.982 [main] INFO  dorozhko.composite.dal.impl.FileCompositeDAL - Start wright to file.
2019-10-09 14:21:17.983 [main] DEBUG dorozhko.composite.dal.impl.FileCompositeDAL -  data\\texdst.txt
2019-10-09 14:21:17.984 [main] ERROR dorozhko.composite.dal.impl.FileCompositeDAL - java.io.FileNotFoundException:  data\texdst.txt (Системе не удается найти указанный путь)
2019-10-09 14:21:17.984 [main] ERROR dorozhko.composite.services.impl.CompositeService - by.dorozhko.composite.dal.exception.ExceptionDAL: java.io.FileNotFoundException:  data\texdst.txt (Системе не удается найти указанный путь)
2019-10-09 14:21:17.984 [main] TRACE by.dorozhko.composite.controller.Controller - Have result (result length): 41symbols
2019-10-09 14:21:17.984 [main] TRACE by.dorozhko.composite.view.Client - waiting for user input.
2019-10-09 14:21:23.107 [main] INFO  by.dorozhko.composite.view.Client - Exit from program by user.
2019-10-09 14:22:41.984 [main] TRACE by.dorozhko.composite.view.Client - waiting for user input.
2019-10-09 14:22:44.566 [main] TRACE by.dorozhko.composite.view.Client - User: CreateCompositeFromData
2019-10-09 14:22:48.852 [main] DEBUG by.dorozhko.composite.controller.Controller - User request: CreateCompositeFromData, params : data/text.txt
2019-10-09 14:22:48.853 [main] TRACE dorozhko.composite.controller.command.CommandProvider - CreateCompositeFromData
2019-10-09 14:22:48.855 [main] DEBUG dorozhko.composite.services.impl.CompositeService - Start create composite of text method
2019-10-09 14:22:48.856 [main] DEBUG dorozhko.composite.services.impl.CompositeService - data/text.txt
2019-10-09 14:22:48.865 [main] DEBUG dorozhko.composite.services.impl.CompositeService - Text successfully read from data
2019-10-09 14:22:48.865 [main] DEBUG dorozhko.composite.services.impl.CompositeService - method createCompositeFromText is started.
2019-10-09 14:22:48.867 [main] DEBUG dorozhko.composite.services.impl.CompositeService - Chain of responsibility created. Start to parse text and create composition.
2019-10-09 14:22:48.882 [main] DEBUG dorozhko.composite.services.impl.CompositeService - Text successfully parsed and composition is ready.
2019-10-09 14:22:48.884 [main] DEBUG dorozhko.composite.services.impl.CompositeService - Composition send to storage.
2019-10-09 14:22:48.887 [main] TRACE by.dorozhko.composite.controller.Controller - Have result (result length): 21symbols
2019-10-09 14:22:48.888 [main] TRACE by.dorozhko.composite.view.Client - waiting for user input.
2019-10-09 14:22:51.079 [main] TRACE by.dorozhko.composite.view.Client - User: view text from composite
2019-10-09 14:22:51.079 [main] DEBUG by.dorozhko.composite.controller.Controller - User request: ViewCompositeTextFromRepository, params :  
2019-10-09 14:22:51.080 [main] TRACE dorozhko.composite.controller.command.CommandProvider - ViewCompositeTextFromRepository
2019-10-09 14:22:51.081 [main] TRACE by.dorozhko.composite.controller.Controller - Have result (result length): 3190symbols
2019-10-09 14:22:51.081 [main] TRACE by.dorozhko.composite.view.Client - waiting for user input.
2019-10-09 14:22:52.501 [main] TRACE by.dorozhko.composite.view.Client - User: save text to data
2019-10-09 14:22:58.931 [main] DEBUG by.dorozhko.composite.controller.Controller - User request: SaveTextToData, params :  data/tehfgxt.txt
2019-10-09 14:22:58.931 [main] TRACE dorozhko.composite.controller.command.CommandProvider - SaveTextToData
2019-10-09 14:22:58.931 [main] DEBUG dorozhko.composite.services.impl.CompositeService - Start save to data method
2019-10-09 14:22:58.935 [main] INFO  dorozhko.composite.dal.impl.FileCompositeDAL - Start wright to file.
2019-10-09 14:22:58.935 [main] DEBUG dorozhko.composite.dal.impl.FileCompositeDAL -  data/tehfgxt.txt
2019-10-09 14:22:58.937 [main] ERROR dorozhko.composite.dal.impl.FileCompositeDAL - java.io.FileNotFoundException:  data\tehfgxt.txt (Системе не удается найти указанный путь)
2019-10-09 14:22:58.937 [main] ERROR dorozhko.composite.services.impl.CompositeService - by.dorozhko.composite.dal.exception.ExceptionDAL: java.io.FileNotFoundException:  data\tehfgxt.txt (Системе не удается найти указанный путь)
2019-10-09 14:22:58.937 [main] TRACE by.dorozhko.composite.controller.Controller - Have result (result length): 41symbols
2019-10-09 14:22:58.937 [main] TRACE by.dorozhko.composite.view.Client - waiting for user input.
2019-10-09 14:23:03.255 [main] INFO  by.dorozhko.composite.view.Client - Exit from program by user.
2019-10-09 14:32:36.731 [main] TRACE by.dorozhko.composite.view.Client - waiting for user input.
2019-10-09 14:32:39.044 [main] TRACE by.dorozhko.composite.view.Client - User: CreateCompositeFromData
2019-10-09 14:32:42.561 [main] DEBUG by.dorozhko.composite.controller.Controller - User request: CreateCompositeFromData, params : data/text.txt
2019-10-09 14:32:42.561 [main] TRACE dorozhko.composite.controller.command.CommandProvider - CreateCompositeFromData
2019-10-09 14:32:42.563 [main] DEBUG dorozhko.composite.services.impl.CompositeService - Start create composite of text method
2019-10-09 14:32:42.565 [main] DEBUG dorozhko.composite.services.impl.CompositeService - data/text.txt
2019-10-09 14:32:42.574 [main] DEBUG dorozhko.composite.services.impl.CompositeService - Text successfully read from data
2019-10-09 14:32:42.574 [main] DEBUG dorozhko.composite.services.impl.CompositeService - method createCompositeFromText is started.
2019-10-09 14:32:42.576 [main] DEBUG dorozhko.composite.services.impl.CompositeService - Chain of responsibility created. Start to parse text and create composition.
2019-10-09 14:32:42.592 [main] DEBUG dorozhko.composite.services.impl.CompositeService - Text successfully parsed and composition is ready.
2019-10-09 14:32:42.594 [main] DEBUG dorozhko.composite.services.impl.CompositeService - Composition send to storage.
2019-10-09 14:32:42.597 [main] TRACE by.dorozhko.composite.controller.Controller - Have result (result length): 21symbols
2019-10-09 14:32:42.597 [main] TRACE by.dorozhko.composite.view.Client - waiting for user input.
2019-10-09 14:32:43.938 [main] TRACE by.dorozhko.composite.view.Client - User: view text from composite
2019-10-09 14:32:43.938 [main] DEBUG by.dorozhko.composite.controller.Controller - User request: ViewCompositeTextFromRepository, params :  
2019-10-09 14:32:43.938 [main] TRACE dorozhko.composite.controller.command.CommandProvider - ViewCompositeTextFromRepository
2019-10-09 14:32:43.940 [main] TRACE by.dorozhko.composite.controller.Controller - Have result (result length): 3190symbols
2019-10-09 14:32:43.940 [main] TRACE by.dorozhko.composite.view.Client - waiting for user input.
2019-10-09 14:32:45.705 [main] TRACE by.dorozhko.composite.view.Client - User: save text to data
2019-10-09 14:32:50.213 [main] DEBUG by.dorozhko.composite.controller.Controller - User request: SaveTextToData, params :  data/tdsext.txt
2019-10-09 14:32:50.213 [main] TRACE dorozhko.composite.controller.command.CommandProvider - SaveTextToData
2019-10-09 14:32:50.214 [main] DEBUG dorozhko.composite.services.impl.CompositeService - Start save to data method
2019-10-09 14:32:50.216 [main] INFO  dorozhko.composite.dal.impl.FileCompositeDAL - Start wright to file.
2019-10-09 14:32:50.216 [main] DEBUG dorozhko.composite.dal.impl.FileCompositeDAL -  data/tdsext.txt
2019-10-09 14:32:50.217 [main] ERROR dorozhko.composite.dal.impl.FileCompositeDAL - couldn't create file
2019-10-09 14:32:50.218 [main] ERROR dorozhko.composite.services.impl.CompositeService - by.dorozhko.composite.dal.exception.ExceptionDAL: java.io.IOException: Системе не удается найти указанный путь
2019-10-09 14:32:50.218 [main] TRACE by.dorozhko.composite.controller.Controller - Have result (result length): 41symbols
2019-10-09 14:32:50.218 [main] TRACE by.dorozhko.composite.view.Client - waiting for user input.
2019-10-09 14:32:55.974 [main] INFO  by.dorozhko.composite.view.Client - Exit from program by user.
2019-10-09 14:34:32.917 [main] TRACE by.dorozhko.composite.view.Client - waiting for user input.
2019-10-09 14:34:40.045 [main] TRACE by.dorozhko.composite.view.Client - User: save text to data
2019-10-09 14:34:46.211 [main] DEBUG by.dorozhko.composite.controller.Controller - User request: SaveTextToData, params :  data/textddddd.txt
2019-10-09 14:34:46.211 [main] TRACE dorozhko.composite.controller.command.CommandProvider - SaveTextToData
2019-10-09 14:34:46.214 [main] DEBUG dorozhko.composite.services.impl.CompositeService - Start save to data method
2019-10-09 14:34:46.216 [main] INFO  dorozhko.composite.dal.impl.FileCompositeDAL - Start wright to file.
2019-10-09 14:34:46.217 [main] DEBUG dorozhko.composite.dal.impl.FileCompositeDAL -  data/textddddd.txt
2019-10-09 14:34:46.217 [main] ERROR dorozhko.composite.dal.impl.FileCompositeDAL - D:\java\JWD\task3\ data\textddddd.txt
2019-10-09 14:34:46.217 [main] ERROR dorozhko.composite.dal.impl.FileCompositeDAL - couldn't create file
2019-10-09 14:34:46.218 [main] ERROR dorozhko.composite.services.impl.CompositeService - by.dorozhko.composite.dal.exception.ExceptionDAL: java.io.IOException: Системе не удается найти указанный путь
2019-10-09 14:34:46.218 [main] TRACE by.dorozhko.composite.controller.Controller - Have result (result length): 41symbols
2019-10-09 14:34:46.218 [main] TRACE by.dorozhko.composite.view.Client - waiting for user input.
2019-10-09 14:34:49.474 [main] INFO  by.dorozhko.composite.view.Client - Exit from program by user.
2019-10-09 14:35:43.012 [main] TRACE by.dorozhko.composite.view.Client - waiting for user input.
2019-10-09 14:35:45.104 [main] TRACE by.dorozhko.composite.view.Client - User: CreateCompositeFromData
2019-10-09 14:35:52.676 [main] DEBUG by.dorozhko.composite.controller.Controller - User request: CreateCompositeFromData, params : data/text.txt
2019-10-09 14:35:52.676 [main] TRACE dorozhko.composite.controller.command.CommandProvider - CreateCompositeFromData
2019-10-09 14:35:52.678 [main] DEBUG dorozhko.composite.services.impl.CompositeService - Start create composite of text method
2019-10-09 14:35:52.680 [main] DEBUG dorozhko.composite.services.impl.CompositeService - data/text.txt
2019-10-09 14:35:52.690 [main] DEBUG dorozhko.composite.services.impl.CompositeService - Text successfully read from data
2019-10-09 14:35:52.690 [main] DEBUG dorozhko.composite.services.impl.CompositeService - method createCompositeFromText is started.
2019-10-09 14:35:52.692 [main] DEBUG dorozhko.composite.services.impl.CompositeService - Chain of responsibility created. Start to parse text and create composition.
2019-10-09 14:35:52.714 [main] DEBUG dorozhko.composite.services.impl.CompositeService - Text successfully parsed and composition is ready.
2019-10-09 14:35:52.716 [main] DEBUG dorozhko.composite.services.impl.CompositeService - Composition send to storage.
2019-10-09 14:35:52.719 [main] TRACE by.dorozhko.composite.controller.Controller - Have result (result length): 21symbols
2019-10-09 14:35:52.719 [main] TRACE by.dorozhko.composite.view.Client - waiting for user input.
2019-10-09 14:35:54.994 [main] TRACE by.dorozhko.composite.view.Client - User: view text from composite
2019-10-09 14:35:54.994 [main] DEBUG by.dorozhko.composite.controller.Controller - User request: ViewCompositeTextFromRepository, params :  
2019-10-09 14:35:54.994 [main] TRACE dorozhko.composite.controller.command.CommandProvider - ViewCompositeTextFromRepository
2019-10-09 14:35:54.995 [main] TRACE by.dorozhko.composite.controller.Controller - Have result (result length): 3190symbols
2019-10-09 14:35:54.996 [main] TRACE by.dorozhko.composite.view.Client - waiting for user input.
2019-10-09 14:35:56.294 [main] TRACE by.dorozhko.composite.view.Client - User: save text to data
2019-10-09 14:36:00.726 [main] DEBUG by.dorozhko.composite.controller.Controller - User request: SaveTextToData, params : data/textfd.txt
2019-10-09 14:36:00.726 [main] TRACE dorozhko.composite.controller.command.CommandProvider - SaveTextToData
2019-10-09 14:36:00.726 [main] DEBUG dorozhko.composite.services.impl.CompositeService - Start save to data method
2019-10-09 14:36:00.729 [main] INFO  dorozhko.composite.dal.impl.FileCompositeDAL - Start wright to file.
2019-10-09 14:36:00.729 [main] DEBUG dorozhko.composite.dal.impl.FileCompositeDAL - data/textfd.txt
2019-10-09 14:36:00.729 [main] ERROR dorozhko.composite.dal.impl.FileCompositeDAL - D:\java\JWD\task3\data\textfd.txt
2019-10-09 14:36:00.732 [main] TRACE by.dorozhko.composite.controller.Controller - Have result (result length): 24symbols
2019-10-09 14:36:00.732 [main] TRACE by.dorozhko.composite.view.Client - waiting for user input.
2019-10-09 14:36:07.677 [main] INFO  by.dorozhko.composite.view.Client - Exit from program by user.
2019-10-09 14:36:24.357 [main] TRACE by.dorozhko.composite.view.Client - waiting for user input.
2019-10-09 14:36:26.109 [main] TRACE by.dorozhko.composite.view.Client - User: CreateCompositeFromData
2019-10-09 14:36:33.050 [main] DEBUG by.dorozhko.composite.controller.Controller - User request: CreateCompositeFromData, params : data/textfd.txt
2019-10-09 14:36:33.050 [main] TRACE dorozhko.composite.controller.command.CommandProvider - CreateCompositeFromData
2019-10-09 14:36:33.053 [main] DEBUG dorozhko.composite.services.impl.CompositeService - Start create composite of text method
2019-10-09 14:36:33.054 [main] DEBUG dorozhko.composite.services.impl.CompositeService - data/textfd.txt
2019-10-09 14:36:33.063 [main] DEBUG dorozhko.composite.services.impl.CompositeService - Text successfully read from data
2019-10-09 14:36:33.063 [main] DEBUG dorozhko.composite.services.impl.CompositeService - method createCompositeFromText is started.
2019-10-09 14:36:33.065 [main] DEBUG dorozhko.composite.services.impl.CompositeService - Chain of responsibility created. Start to parse text and create composition.
2019-10-09 14:36:33.067 [main] DEBUG dorozhko.composite.services.impl.CompositeService - Text successfully parsed and composition is ready.
2019-10-09 14:36:33.068 [main] DEBUG dorozhko.composite.services.impl.CompositeService - Composition send to storage.
2019-10-09 14:36:33.068 [main] TRACE by.dorozhko.composite.controller.Controller - Have result (result length): 21symbols
2019-10-09 14:36:33.068 [main] TRACE by.dorozhko.composite.view.Client - waiting for user input.
2019-10-09 14:36:40.773 [main] TRACE by.dorozhko.composite.view.Client - User: view text from composite
2019-10-09 14:36:40.773 [main] DEBUG by.dorozhko.composite.controller.Controller - User request: ViewCompositeTextFromRepository, params :  
2019-10-09 14:36:40.773 [main] TRACE dorozhko.composite.controller.command.CommandProvider - ViewCompositeTextFromRepository
2019-10-09 14:36:40.773 [main] TRACE by.dorozhko.composite.controller.Controller - Have result (result length): 0symbols
2019-10-09 14:36:40.773 [main] TRACE by.dorozhko.composite.view.Client - waiting for user input.
2019-10-09 14:36:55.127 [main] INFO  by.dorozhko.composite.view.Client - Exit from program by user.
2019-10-09 14:37:59.392 [main] TRACE by.dorozhko.composite.view.Client - waiting for user input.
2019-10-09 14:38:01.058 [main] TRACE by.dorozhko.composite.view.Client - User: CreateCompositeFromData
2019-10-09 14:38:12.539 [main] DEBUG by.dorozhko.composite.controller.Controller - User request: CreateCompositeFromData, params : data/text.txt
2019-10-09 14:38:12.539 [main] TRACE dorozhko.composite.controller.command.CommandProvider - CreateCompositeFromData
2019-10-09 14:38:12.541 [main] DEBUG dorozhko.composite.services.impl.CompositeService - Start create composite of text method
2019-10-09 14:38:12.543 [main] DEBUG dorozhko.composite.services.impl.CompositeService - data/text.txt
2019-10-09 14:38:12.552 [main] DEBUG dorozhko.composite.services.impl.CompositeService - Text successfully read from data
2019-10-09 14:38:12.552 [main] DEBUG dorozhko.composite.services.impl.CompositeService - method createCompositeFromText is started.
2019-10-09 14:38:12.554 [main] DEBUG dorozhko.composite.services.impl.CompositeService - Chain of responsibility created. Start to parse text and create composition.
2019-10-09 14:38:12.570 [main] DEBUG dorozhko.composite.services.impl.CompositeService - Text successfully parsed and composition is ready.
2019-10-09 14:38:12.572 [main] DEBUG dorozhko.composite.services.impl.CompositeService - Composition send to storage.
2019-10-09 14:38:12.575 [main] TRACE by.dorozhko.composite.controller.Controller - Have result (result length): 21symbols
2019-10-09 14:38:12.575 [main] TRACE by.dorozhko.composite.view.Client - waiting for user input.
2019-10-09 14:38:14.204 [main] TRACE by.dorozhko.composite.view.Client - User: view text from composite
2019-10-09 14:38:14.204 [main] DEBUG by.dorozhko.composite.controller.Controller - User request: ViewCompositeTextFromRepository, params :  
2019-10-09 14:38:14.205 [main] TRACE dorozhko.composite.controller.command.CommandProvider - ViewCompositeTextFromRepository
2019-10-09 14:38:14.206 [main] TRACE by.dorozhko.composite.controller.Controller - Have result (result length): 3190symbols
2019-10-09 14:38:14.206 [main] TRACE by.dorozhko.composite.view.Client - waiting for user input.
2019-10-09 14:38:23.663 [main] TRACE by.dorozhko.composite.view.Client - User: CreateCompositeFromData
2019-10-09 14:38:39.675 [main] DEBUG by.dorozhko.composite.controller.Controller - User request: CreateCompositeFromData, params : data\textfd.txt
2019-10-09 14:38:39.675 [main] TRACE dorozhko.composite.controller.command.CommandProvider - CreateCompositeFromData
2019-10-09 14:38:39.675 [main] DEBUG dorozhko.composite.services.impl.CompositeService - Start create composite of text method
2019-10-09 14:38:39.675 [main] DEBUG dorozhko.composite.services.impl.CompositeService - data\textfd.txt
2019-10-09 14:38:39.686 [main] DEBUG dorozhko.composite.services.impl.CompositeService - Text successfully read from data
2019-10-09 14:38:39.686 [main] DEBUG dorozhko.composite.services.impl.CompositeService - method createCompositeFromText is started.
2019-10-09 14:38:39.686 [main] DEBUG dorozhko.composite.services.impl.CompositeService - Chain of responsibility created. Start to parse text and create composition.
2019-10-09 14:38:39.691 [main] DEBUG dorozhko.composite.services.impl.CompositeService - Text successfully parsed and composition is ready.
2019-10-09 14:38:39.691 [main] DEBUG dorozhko.composite.services.impl.CompositeService - Composition send to storage.
2019-10-09 14:38:39.692 [main] TRACE by.dorozhko.composite.controller.Controller - Have result (result length): 21symbols
2019-10-09 14:38:39.692 [main] TRACE by.dorozhko.composite.view.Client - waiting for user input.
2019-10-09 14:38:50.307 [main] INFO  by.dorozhko.composite.view.Client - Exit from program by user.
